<?xml version="1.0" encoding="UTF-8"?>
<testng-results ignored="0" total="2" passed="2" failed="0" skipped="0">
  <reporter-output>
  </reporter-output>
  <suite started-at="2021-04-14T12:50:35 IST" name="Default suite" finished-at="2021-04-14T12:50:37 IST" duration-ms="1320">
    <groups>
    </groups>
    <test started-at="2021-04-14T12:50:35 IST" name="Default test" finished-at="2021-04-14T12:50:37 IST" duration-ms="1320">
      <class name="rest.ApiTestUsingHttpClient">
        <test-method signature="test()[pri:0, instance:rest.ApiTestUsingHttpClient@2177849e]" started-at="2021-04-14T12:50:35 IST" name="test" finished-at="2021-04-14T12:50:36 IST" duration-ms="796" status="PASS">
          <reporter-output>
          </reporter-output>
        </test-method> <!-- test -->
        <test-method signature="test1()[pri:0, instance:rest.ApiTestUsingHttpClient@2177849e]" started-at="2021-04-14T12:50:36 IST" name="test1" finished-at="2021-04-14T12:50:37 IST" duration-ms="493" status="PASS">
          <reporter-output>
          </reporter-output>
        </test-method> <!-- test1 -->
      </class> <!-- rest.ApiTestUsingHttpClient -->
    </test> <!-- Default test -->
  </suite> <!-- Default suite -->
</testng-results>
